#
# There is insufficient memory for the Java Runtime Environment to continue.
# Native memory allocation (malloc) failed to allocate 1223168 bytes for Chunk::new
# Possible reasons:
#   The system is out of physical RAM or swap space
#   The process is running with CompressedOops enabled, and the Java Heap may be blocking the growth of the native heap
# Possible solutions:
#   Reduce memory load on the system
#   Increase physical memory or swap space
#   Check if swap backing store is full
#   Decrease Java heap size (-Xmx/-Xms)
#   Decrease number of Java threads
#   Decrease Java thread stack sizes (-Xss)
#   Set larger code cache with -XX:ReservedCodeCacheSize=
#   JVM is running with Unscaled Compressed Oops mode in which the Java heap is
#     placed in the first 4GB address space. The Java Heap base address is the
#     maximum limit for the native heap growth. Please use -XX:HeapBaseMinAddress
#     to set the Java Heap base and to place the Java Heap above 4GB virtual address.
# This output file may be truncated or incomplete.
#
#  Out of Memory Error (allocation.cpp:389), pid=17608, tid=0x0000000000006048
#
# JRE version: OpenJDK Runtime Environment (8.0_242-b01) (build 1.8.0_242-release-1644-b01)
# Java VM: OpenJDK 64-Bit Server VM (25.242-b01 mixed mode windows-amd64 compressed oops)
# Failed to write core dump. Minidumps are not enabled by default on client versions of Windows
#

---------------  T H R E A D  ---------------

Current thread (0x0000000018403000):  JavaThread "C2 CompilerThread1" daemon [_thread_in_native, id=24648, stack(0x0000000018cd0000,0x0000000018dd0000)]

Stack: [0x0000000018cd0000,0x0000000018dd0000]
[error occurred during error reporting (printing stack bounds), id 0xc0000005]

Native frames: (J=compiled Java code, j=interpreted, Vv=VM code, C=native code)


Current CompileTask:
C2:5380466 16150   !   4       org.gradle.cache.internal.DefaultFileLockManager$DefaultFileLock::doWriteAction (66 bytes)


---------------  P R O C E S S  ---------------

Java Threads: ( => current thread )
  0x000000002cce5000 JavaThread "jar transforms Thread 459" [_thread_blocked, id=15840, stack(0x0000000022ea0000,0x0000000022fa0000)]
  0x000000002cce0000 JavaThread "jar transforms Thread 458" [_thread_blocked, id=25692, stack(0x0000000022c30000,0x0000000022d30000)]
  0x000000002cce2000 JavaThread "jar transforms Thread 457" [_thread_blocked, id=15996, stack(0x0000000022b30000,0x0000000022c30000)]
  0x000000002ccdd800 JavaThread "jar transforms Thread 456" [_thread_blocked, id=26992, stack(0x0000000022a30000,0x0000000022b30000)]
  0x000000002cce4800 JavaThread "jar transforms Thread 455" [_thread_blocked, id=3368, stack(0x0000000022930000,0x0000000022a30000)]
  0x000000002cce3800 JavaThread "jar transforms Thread 454" [_thread_blocked, id=19492, stack(0x0000000022830000,0x0000000022930000)]
  0x000000002ccdc000 JavaThread "jar transforms Thread 453" [_thread_blocked, id=26820, stack(0x0000000022730000,0x0000000022830000)]
  0x000000002cce1800 JavaThread "jar transforms Thread 452" [_thread_blocked, id=24552, stack(0x0000000022630000,0x0000000022730000)]
  0x000000002ccdd000 JavaThread "jar transforms Thread 451" [_thread_blocked, id=16776, stack(0x0000000022530000,0x0000000022630000)]
  0x000000002cce3000 JavaThread "jar transforms Thread 450" [_thread_blocked, id=9788, stack(0x0000000022430000,0x0000000022530000)]
  0x000000002ccdf000 JavaThread "jar transforms Thread 449" [_thread_blocked, id=14880, stack(0x0000000022330000,0x0000000022430000)]
  0x000000002d10f000 JavaThread "Build operations Thread 8" [_thread_blocked, id=21812, stack(0x0000000022030000,0x0000000022130000)]
  0x000000002d112800 JavaThread "Build operations Thread 7" [_thread_blocked, id=18132, stack(0x0000000021f30000,0x0000000022030000)]
  0x000000002d10e000 JavaThread "Build operations Thread 6" [_thread_blocked, id=25268, stack(0x0000000021e30000,0x0000000021f30000)]
  0x000000002d111000 JavaThread "Build operations Thread 5" [_thread_blocked, id=6824, stack(0x0000000021d30000,0x0000000021e30000)]
  0x000000002d112000 JavaThread "Build operations Thread 4" [_thread_blocked, id=22524, stack(0x0000000021c30000,0x0000000021d30000)]
  0x000000002d10f800 JavaThread "Build operations Thread 3" [_thread_blocked, id=25664, stack(0x0000000021230000,0x0000000021330000)]
  0x000000002d110800 JavaThread "Build operations Thread 2" [_thread_blocked, id=27232, stack(0x0000000020760000,0x0000000020860000)]
  0x000000002d10c800 JavaThread "Build operations" [_thread_blocked, id=12240, stack(0x0000000020660000,0x0000000020760000)]
  0x000000002d113800 JavaThread "Cache worker for Build Output Cleanup Cache (D:\zh997\ckh_app\android\.gradle\buildOutputCleanup)" [_thread_blocked, id=3288, stack(0x000000001f500000,0x000000001f600000)]
  0x000000002d105000 JavaThread "Cache worker for cache directory md-rule (C:\Users\zc\.gradle\caches\6.7\md-rule)" [_thread_blocked, id=25180, stack(0x000000001f400000,0x000000001f500000)]
  0x000000002d108000 JavaThread "Cache worker for cache directory md-supplier (C:\Users\zc\.gradle\caches\6.7\md-supplier)" [_thread_blocked, id=26700, stack(0x000000001ca60000,0x000000001cb60000)]
  0x000000002d10c000 JavaThread "Cache worker for checksums cache (D:\zh997\ckh_app\android\.gradle\checksums)" [_thread_blocked, id=25344, stack(0x000000001c960000,0x000000001ca60000)]
  0x000000002d106000 JavaThread "Cache worker for file hash cache (D:\zh997\ckh_app\android\.gradle\6.7\fileHashes)" [_thread_blocked, id=14932, stack(0x000000001c860000,0x000000001c960000)]
  0x000000002d106800 JavaThread "Thread-599" [_thread_blocked, id=25004, stack(0x000000001c760000,0x000000001c860000)]
  0x000000002d10b000 JavaThread "Stdin handler" [_thread_blocked, id=25452, stack(0x000000001c360000,0x000000001c460000)]
  0x000000002d10a800 JavaThread "Asynchronous log dispatcher for DefaultDaemonConnection: socket connection from /127.0.0.1:63506 to /127.0.0.1:52188" [_thread_blocked, id=12264, stack(0x000000001bdb0000,0x000000001beb0000)]
  0x000000002d107800 JavaThread "Daemon worker Thread 5" [_thread_in_native, id=14372, stack(0x000000001bcb0000,0x000000001bdb0000)]
  0x000000002d104800 JavaThread "Cancel handler" [_thread_blocked, id=3324, stack(0x00000000009b0000,0x0000000000ab0000)]
  0x000000002d109800 JavaThread "Handler for socket connection from /127.0.0.1:63506 to /127.0.0.1:52188" [_thread_in_native, id=11916, stack(0x00000000008b0000,0x00000000009b0000)]
  0x000000002d109000 JavaThread "Daemon Thread 5" [_thread_blocked, id=24956, stack(0x00000000007b0000,0x00000000008b0000)]
  0x000000001a464000 JavaThread "Memory manager" [_thread_blocked, id=26436, stack(0x0000000029bf0000,0x0000000029cf0000)]
  0x0000000019407000 JavaThread "Cache worker for file content cache (C:\Users\zc\.gradle\caches\6.7\fileContent)" [_thread_blocked, id=10684, stack(0x0000000021330000,0x0000000021430000)]
  0x000000001940b800 JavaThread "Cache worker for execution history cache (C:\Users\zc\.gradle\caches\6.7\executionHistory)" [_thread_blocked, id=25448, stack(0x0000000020b30000,0x0000000020c30000)]
  0x000000001940c800 JavaThread "Cache worker for journal cache (C:\Users\zc\.gradle\caches\journal-1)" [_thread_blocked, id=2940, stack(0x000000001cf60000,0x000000001d060000)]
  0x000000001940a000 JavaThread "File lock request listener" [_thread_in_native, id=14908, stack(0x000000001ce60000,0x000000001cf60000)]
  0x000000001b239000 JavaThread "Cache worker for file hash cache (C:\Users\zc\.gradle\caches\6.7\fileHashes)" [_thread_blocked, id=25492, stack(0x000000001cd60000,0x000000001ce60000)]
  0x000000001b0f3800 JavaThread "Daemon periodic checks" [_thread_blocked, id=27088, stack(0x000000001c060000,0x000000001c160000)]
  0x000000001b0ec000 JavaThread "Incoming local TCP Connector on port 63506" [_thread_in_native, id=26336, stack(0x000000001beb0000,0x000000001bfb0000)]
  0x000000001b03f800 JavaThread "Daemon health stats" [_thread_blocked, id=7524, stack(0x000000001a9a0000,0x000000001aaa0000)]
  0x000000001848b000 JavaThread "Service Thread" daemon [_thread_blocked, id=20128, stack(0x0000000018fd0000,0x00000000190d0000)]
  0x0000000018410000 JavaThread "C1 CompilerThread3" daemon [_thread_blocked, id=16824, stack(0x0000000018ed0000,0x0000000018fd0000)]
  0x0000000018406000 JavaThread "C2 CompilerThread2" daemon [_thread_blocked, id=25104, stack(0x0000000018dd0000,0x0000000018ed0000)]
=>0x0000000018403000 JavaThread "C2 CompilerThread1" daemon [_thread_in_native, id=24648, stack(0x0000000018cd0000,0x0000000018dd0000)]
  0x00000000183fc000 JavaThread "C2 CompilerThread0" daemon [_thread_blocked, id=13216, stack(0x0000000018bd0000,0x0000000018cd0000)]
  0x00000000183fb000 JavaThread "Attach Listener" daemon [_thread_blocked, id=24632, stack(0x0000000018ad0000,0x0000000018bd0000)]
  0x00000000183fa000 JavaThread "Signal Dispatcher" daemon [_thread_blocked, id=10524, stack(0x00000000189d0000,0x0000000018ad0000)]
  0x0000000018391000 JavaThread "Finalizer" daemon [_thread_blocked, id=9920, stack(0x0000000018870000,0x0000000018970000)]
  0x0000000018390800 JavaThread "Reference Handler" daemon [_thread_blocked, id=5048, stack(0x0000000018770000,0x0000000018870000)]
  0x00000000026de000 JavaThread "main" [_thread_blocked, id=25708, stack(0x0000000002590000,0x0000000002690000)]

Other Threads:
  0x0000000016598800 VMThread [stack: 0x0000000018270000,0x0000000018370000] [id=19336]
  0x000000001848d000 WatcherThread [stack: 0x00000000190d0000,0x00000000191d0000] [id=19192]

VM state:not at safepoint (normal execution)

VM Mutex/Monitor currently owned by a thread: None

heap address: 0x00000000a0000000, size: 1536 MB, Compressed Oops mode: 32-bit
Narrow klass base: 0x0000000000000000, Narrow klass shift: 3
Compressed class space size: 1073741824 Address: 0x0000000100000000

Heap:
 PSYoungGen      total 365568K, used 230352K [0x00000000e0000000, 0x00000000fe500000, 0x0000000100000000)
  eden space 286208K, 59% used [0x00000000e0000000,0x00000000ea61ef48,0x00000000f1780000)
  from space 79360K, 75% used [0x00000000f1780000,0x00000000f52553c8,0x00000000f6500000)
  to   space 84992K, 0% used [0x00000000f9200000,0x00000000f9200000,0x00000000fe500000)
 ParOldGen       total 422400K, used 141948K [0x00000000a0000000, 0x00000000b9c80000, 0x00000000e0000000)
  object space 422400K, 33% used [0x00000000a0000000,0x00000000a8a9f3d8,0x00000000b9c80000)
 Metaspace       used 83168K, capacity 89224K, committed 89344K, reserved 1126400K
  class space    used 11099K, capacity 12192K, committed 12288K, reserved 1048576K

Card table byte_map: [0x0000000011ba0000,0x0000000011eb0000] byte_map_base: 0x00000000116a0000

Marking Bits: (ParMarkBitMap*) 0x0000000071eaf030
 Begin Bits: [0x00000000128b0000, 0x00000000140b0000)
 End Bits:   [0x00000000140b0000, 0x00000000158b0000)

Polling page: 0x0000000000680000

CodeCache: size=245760Kb used=44199Kb max_used=44232Kb free=201560Kb
 bounds [0x00000000027e0000, 0x0000000005360000, 0x00000000117e0000]
 total_blobs=14194 nmethods=13363 adapters=743
 compilation: enabled

Compilation events (10 events):
Event: 5380.173 Thread 0x0000000018403000 nmethod 16148 0x000000000526f090 code [0x000000000526f1c0, 0x000000000526f258]
Event: 5380.180 Thread 0x00000000183fc000 nmethod 16149 0x0000000005323e90 code [0x0000000005324000, 0x0000000005324308]
Event: 5380.183 Thread 0x0000000018403000 16150   !   4       org.gradle.cache.internal.DefaultFileLockManager$DefaultFileLock::doWriteAction (66 bytes)
Event: 5380.183 Thread 0x00000000183fc000 16151       4       org.gradle.cache.internal.filelock.DefaultLockStateSerializer$SequenceNumberLockState::completeUpdate (33 bytes)
Event: 5380.184 Thread 0x0000000018406000 nmethod 16136 0x000000000532d010 code [0x000000000532d200, 0x000000000532dee8]
Event: 5380.185 Thread 0x00000000183fc000 nmethod 16151 0x0000000002904510 code [0x0000000002904660, 0x0000000002904778]
Event: 5380.189 Thread 0x00000000183fc000 16152       4       org.gradle.cache.internal.DefaultCacheFactory$ReferenceTrackingCache::useCache (14 bytes)
Event: 5380.190 Thread 0x0000000018406000 16153       4       org.gradle.cache.internal.DefaultPersistentDirectoryStore::useCache (11 bytes)
Event: 5380.334 Thread 0x0000000018406000 nmethod 16153 0x000000000533f8d0 code [0x000000000533ff00, 0x0000000005343990]
Event: 5380.354 Thread 0x00000000183fc000 nmethod 16152 0x0000000005350650 code [0x0000000005350cc0, 0x0000000005354868]

GC Heap History (10 events):
Event: 1476.341 GC heap before
{Heap before GC invocations=19 (full 3):
 PSYoungGen      total 285184K, used 220673K [0x00000000e0000000, 0x00000000f6d80000, 0x0000000100000000)
  eden space 232448K, 87% used [0x00000000e0000000,0x00000000ec6d4d58,0x00000000ee300000)
  from space 52736K, 32% used [0x00000000ee300000,0x00000000ef3ab938,0x00000000f1680000)
  to   space 50688K, 0% used [0x00000000f3c00000,0x00000000f3c00000,0x00000000f6d80000)
 ParOldGen       total 239616K, used 125988K [0x00000000a0000000, 0x00000000aea00000, 0x00000000e0000000)
  object space 239616K, 52% used [0x00000000a0000000,0x00000000a7b09090,0x00000000aea00000)
 Metaspace       used 81639K, capacity 87218K, committed 87296K, reserved 1124352K
  class space    used 10993K, capacity 12007K, committed 12032K, reserved 1048576K
Event: 1476.386 GC heap after
Heap after GC invocations=19 (full 3):
 PSYoungGen      total 309760K, used 50687K [0x00000000e0000000, 0x00000000f8280000, 0x0000000100000000)
  eden space 259072K, 0% used [0x00000000e0000000,0x00000000e0000000,0x00000000efd00000)
  from space 50688K, 99% used [0x00000000f3c00000,0x00000000f6d7fcc8,0x00000000f6d80000)
  to   space 64512K, 0% used [0x00000000efd00000,0x00000000efd00000,0x00000000f3c00000)
 ParOldGen       total 239616K, used 142290K [0x00000000a0000000, 0x00000000aea00000, 0x00000000e0000000)
  object space 239616K, 59% used [0x00000000a0000000,0x00000000a8af4900,0x00000000aea00000)
 Metaspace       used 81639K, capacity 87218K, committed 87296K, reserved 1124352K
  class space    used 10993K, capacity 12007K, committed 12032K, reserved 1048576K
}
Event: 1478.081 GC heap before
{Heap before GC invocations=20 (full 3):
 PSYoungGen      total 309760K, used 309068K [0x00000000e0000000, 0x00000000f8280000, 0x0000000100000000)
  eden space 259072K, 99% used [0x00000000e0000000,0x00000000efc53440,0x00000000efd00000)
  from space 50688K, 99% used [0x00000000f3c00000,0x00000000f6d7fcc8,0x00000000f6d80000)
  to   space 64512K, 0% used [0x00000000efd00000,0x00000000efd00000,0x00000000f3c00000)
 ParOldGen       total 239616K, used 142290K [0x00000000a0000000, 0x00000000aea00000, 0x00000000e0000000)
  object space 239616K, 59% used [0x00000000a0000000,0x00000000a8af4900,0x00000000aea00000)
 Metaspace       used 81816K, capacity 87482K, committed 87552K, reserved 1124352K
  class space    used 11006K, capacity 12029K, committed 12032K, reserved 1048576K
Event: 1478.145 GC heap after
Heap after GC invocations=20 (full 3):
 PSYoungGen      total 323584K, used 56127K [0x00000000e0000000, 0x00000000fab80000, 0x0000000100000000)
  eden space 259072K, 0% used [0x00000000e0000000,0x00000000e0000000,0x00000000efd00000)
  from space 64512K, 87% used [0x00000000efd00000,0x00000000f33cfe08,0x00000000f3c00000)
  to   space 72192K, 0% used [0x00000000f6500000,0x00000000f6500000,0x00000000fab80000)
 ParOldGen       total 239616K, used 162785K [0x00000000a0000000, 0x00000000aea00000, 0x00000000e0000000)
  object space 239616K, 67% used [0x00000000a0000000,0x00000000a9ef8550,0x00000000aea00000)
 Metaspace       used 81816K, capacity 87482K, committed 87552K, reserved 1124352K
  class space    used 11006K, capacity 12029K, committed 12032K, reserved 1048576K
}
Event: 2796.250 GC heap before
{Heap before GC invocations=21 (full 3):
 PSYoungGen      total 323584K, used 307272K [0x00000000e0000000, 0x00000000fab80000, 0x0000000100000000)
  eden space 259072K, 96% used [0x00000000e0000000,0x00000000ef5422f0,0x00000000efd00000)
  from space 64512K, 87% used [0x00000000efd00000,0x00000000f33cfe08,0x00000000f3c00000)
  to   space 72192K, 0% used [0x00000000f6500000,0x00000000f6500000,0x00000000fab80000)
 ParOldGen       total 239616K, used 162785K [0x00000000a0000000, 0x00000000aea00000, 0x00000000e0000000)
  object space 239616K, 67% used [0x00000000a0000000,0x00000000a9ef8550,0x00000000aea00000)
 Metaspace       used 82489K, capacity 88314K, committed 88448K, reserved 1126400K
  class space    used 11048K, capacity 12101K, committed 12160K, reserved 1048576K
Event: 2796.292 GC heap after
Heap after GC invocations=21 (full 3):
 PSYoungGen      total 358400K, used 59501K [0x00000000e0000000, 0x00000000fb380000, 0x0000000100000000)
  eden space 286208K, 0% used [0x00000000e0000000,0x00000000e0000000,0x00000000f1780000)
  from space 72192K, 82% used [0x00000000f6500000,0x00000000f9f1b548,0x00000000fab80000)
  to   space 79360K, 0% used [0x00000000f1780000,0x00000000f1780000,0x00000000f6500000)
 ParOldGen       total 239616K, used 201179K [0x00000000a0000000, 0x00000000aea00000, 0x00000000e0000000)
  object space 239616K, 83% used [0x00000000a0000000,0x00000000ac476d08,0x00000000aea00000)
 Metaspace       used 82489K, capacity 88314K, committed 88448K, reserved 1126400K
  class space    used 11048K, capacity 12101K, committed 12160K, reserved 1048576K
}
Event: 2796.292 GC heap before
{Heap before GC invocations=22 (full 4):
 PSYoungGen      total 358400K, used 59501K [0x00000000e0000000, 0x00000000fb380000, 0x0000000100000000)
  eden space 286208K, 0% used [0x00000000e0000000,0x00000000e0000000,0x00000000f1780000)
  from space 72192K, 82% used [0x00000000f6500000,0x00000000f9f1b548,0x00000000fab80000)
  to   space 79360K, 0% used [0x00000000f1780000,0x00000000f1780000,0x00000000f6500000)
 ParOldGen       total 239616K, used 201179K [0x00000000a0000000, 0x00000000aea00000, 0x00000000e0000000)
  object space 239616K, 83% used [0x00000000a0000000,0x00000000ac476d08,0x00000000aea00000)
 Metaspace       used 82489K, capacity 88314K, committed 88448K, reserved 1126400K
  class space    used 11048K, capacity 12101K, committed 12160K, reserved 1048576K
Event: 2796.579 GC heap after
Heap after GC invocations=22 (full 4):
 PSYoungGen      total 358400K, used 0K [0x00000000e0000000, 0x00000000fb380000, 0x0000000100000000)
  eden space 286208K, 0% used [0x00000000e0000000,0x00000000e0000000,0x00000000f1780000)
  from space 72192K, 0% used [0x00000000f6500000,0x00000000f6500000,0x00000000fab80000)
  to   space 79360K, 0% used [0x00000000f1780000,0x00000000f1780000,0x00000000f6500000)
 ParOldGen       total 422400K, used 103555K [0x00000000a0000000, 0x00000000b9c80000, 0x00000000e0000000)
  object space 422400K, 24% used [0x00000000a0000000,0x00000000a6520c20,0x00000000b9c80000)
 Metaspace       used 82184K, capacity 87640K, committed 88448K, reserved 1126400K
  class space    used 10973K, capacity 11966K, committed 12160K, reserved 1048576K
}
Event: 2798.098 GC heap before
{Heap before GC invocations=23 (full 4):
 PSYoungGen      total 358400K, used 285592K [0x00000000e0000000, 0x00000000fb380000, 0x0000000100000000)
  eden space 286208K, 99% used [0x00000000e0000000,0x00000000f16e60e0,0x00000000f1780000)
  from space 72192K, 0% used [0x00000000f6500000,0x00000000f6500000,0x00000000fab80000)
  to   space 79360K, 0% used [0x00000000f1780000,0x00000000f1780000,0x00000000f6500000)
 ParOldGen       total 422400K, used 103555K [0x00000000a0000000, 0x00000000b9c80000, 0x00000000e0000000)
  object space 422400K, 24% used [0x00000000a0000000,0x00000000a6520c20,0x00000000b9c80000)
 Metaspace       used 82278K, capacity 87842K, committed 88448K, reserved 1126400K
  class space    used 10986K, capacity 11989K, committed 12160K, reserved 1048576K
Event: 2798.133 GC heap after
Heap after GC invocations=23 (full 4):
 PSYoungGen      total 365568K, used 60244K [0x00000000e0000000, 0x00000000fe500000, 0x0000000100000000)
  eden space 286208K, 0% used [0x00000000e0000000,0x00000000e0000000,0x00000000f1780000)
  from space 79360K, 75% used [0x00000000f1780000,0x00000000f52553c8,0x00000000f6500000)
  to   space 84992K, 0% used [0x00000000f9200000,0x00000000f9200000,0x00000000fe500000)
 ParOldGen       total 422400K, used 141948K [0x00000000a0000000, 0x00000000b9c80000, 0x00000000e0000000)
  object space 422400K, 33% used [0x00000000a0000000,0x00000000a8a9f3d8,0x00000000b9c80000)
 Metaspace       used 82278K, capacity 87842K, committed 88448K, reserved 1126400K
  class space    used 10986K, capacity 11989K, committed 12160K, reserved 1048576K
}

Deoptimization events (10 events):
Event: 5022.253 Thread 0x000000002d109000 Uncommon trap: reason=class_check action=maybe_recompile pc=0x00000000029509a0 method=java.lang.String.equals(Ljava/lang/Object;)Z @ 8
Event: 5022.253 Thread 0x000000002d109000 Uncommon trap: reason=class_check action=maybe_recompile pc=0x00000000029509a0 method=java.lang.String.equals(Ljava/lang/Object;)Z @ 8
Event: 5022.253 Thread 0x000000002d109000 Uncommon trap: reason=class_check action=maybe_recompile pc=0x00000000029509a0 method=java.lang.String.equals(Ljava/lang/Object;)Z @ 8
Event: 5022.253 Thread 0x000000002d109000 Uncommon trap: reason=class_check action=maybe_recompile pc=0x00000000029509a0 method=java.lang.String.equals(Ljava/lang/Object;)Z @ 8
Event: 5022.255 Thread 0x000000002d109000 Uncommon trap: reason=class_check action=maybe_recompile pc=0x0000000004aa14d0 method=java.lang.Integer.equals(Ljava/lang/Object;)Z @ 1
Event: 5022.255 Thread 0x000000002d109000 Uncommon trap: reason=unstable_if action=reinterpret pc=0x0000000003cb6e80 method=java.lang.ref.SoftReference.get()Ljava/lang/Object; @ 6
Event: 5022.257 Thread 0x000000002d109000 Uncommon trap: reason=bimorphic action=maybe_recompile pc=0x00000000039d0a7c method=java.util.concurrent.CopyOnWriteArrayList.indexOf(Ljava/lang/Object;[Ljava/lang/Object;II)I @ 46
Event: 5022.257 Thread 0x000000002d109000 Uncommon trap: reason=bimorphic action=maybe_recompile pc=0x00000000039d0a7c method=java.util.concurrent.CopyOnWriteArrayList.indexOf(Ljava/lang/Object;[Ljava/lang/Object;II)I @ 46
Event: 5022.257 Thread 0x000000002d109000 Uncommon trap: reason=bimorphic action=maybe_recompile pc=0x00000000039d0a7c method=java.util.concurrent.CopyOnWriteArrayList.indexOf(Ljava/lang/Object;[Ljava/lang/Object;II)I @ 46
Event: 5022.257 Thread 0x000000002d109000 Uncommon trap: reason=bimorphic action=maybe_recompile pc=0x00000000039d0a7c method=java.util.concurrent.CopyOnWriteArrayList.indexOf(Ljava/lang/Object;[Ljava/lang/Object;II)I @ 46

Classes redefined (0 events):
No events

Internal exceptions (10 events):
Event: 5017.431 Thread 0x000000002d109000 Implicit null exception at 0x0000000003507f7f to 0x000000000350942d
Event: 5017.850 Thread 0x000000002d109000 Exception <a 'sun/nio/fs/WindowsException'> (0x00000000e7256250) thrown at [C:\src\AOSP-openjdk-git\hotspot\src\share\vm\prims\jni.cpp, line 710]
Event: 5022.203 Thread 0x000000002d13f800 Exception <a 'java/lang/reflect/InvocationTargetException'> (0x00000000e8fac480) thrown at [C:\src\AOSP-openjdk-git\hotspot\src\share\vm\runtime\reflection.cpp, line 1092]
Event: 5022.209 Thread 0x000000002d13f800 Implicit null exception at 0x000000000350533f to 0x00000000035067ed
Event: 5022.255 Thread 0x000000002d109000 Implicit null exception at 0x0000000003caf5f5 to 0x0000000003cb6e21
Event: 5022.334 Thread 0x000000002d106800 Exception <a 'java/lang/NoSuchMethodError': <clinit>> (0x00000000e93cb3d8) thrown at [C:\src\AOSP-openjdk-git\hotspot\src\share\vm\prims\jni.cpp, line 1615]
Event: 5022.335 Thread 0x000000002d106800 Exception <a 'java/lang/NoSuchMethodError': <clinit>> (0x00000000e93dad80) thrown at [C:\src\AOSP-openjdk-git\hotspot\src\share\vm\prims\jni.cpp, line 1615]
Event: 5022.335 Thread 0x000000002d106800 Exception <a 'java/lang/NoSuchMethodError': <clinit>> (0x00000000e93dd230) thrown at [C:\src\AOSP-openjdk-git\hotspot\src\share\vm\prims\jni.cpp, line 1615]
Event: 5022.336 Thread 0x000000002d106800 Exception <a 'java/lang/NoSuchMethodError': <clinit>> (0x00000000e93ed3c0) thrown at [C:\src\AOSP-openjdk-git\hotspot\src\share\vm\prims\jni.cpp, line 1615]
Event: 5022.336 Thread 0x000000002d106800 Exception <a 'java/lang/NoSuchMethodError': <clinit>> (0x00000000e93f87a8) thrown at [C:\src\AOSP-openjdk-git\hotspot\src\share\vm\prims\jni.cpp, line 1615]

Events (10 events):
Event: 5380.247 Thread 0x000000002cce1800 Thread added: 0x000000002cce1800
Event: 5380.261 Thread 0x000000002ccdc000 Thread added: 0x000000002ccdc000
Event: 5380.278 Thread 0x000000002cce3800 Thread added: 0x000000002cce3800
Event: 5380.334 Thread 0x0000000018406000 flushing nmethod 0x00000000035ef550
Event: 5380.354 Thread 0x00000000183fc000 flushing nmethod 0x00000000038f6d10
Event: 5380.380 Thread 0x000000002cce4800 Thread added: 0x000000002cce4800
Event: 5380.390 Thread 0x000000002ccdd800 Thread added: 0x000000002ccdd800
Event: 5380.401 Thread 0x000000002cce2000 Thread added: 0x000000002cce2000
Event: 5380.413 Thread 0x000000002cce0000 Thread added: 0x000000002cce0000
Event: 5380.463 Thread 0x000000002cce5000 Thread added: 0x000000002cce5000


Dynamic libraries:
0x00007ff785470000 - 0x00007ff7854a1000 	E:\AndroidStudio\jre\bin\java.exe
0x00007ff9469f0000 - 0x00007ff946be5000 	C:\WINDOWS\SYSTEM32\ntdll.dll
0x00007ff944b00000 - 0x00007ff944bbd000 	C:\WINDOWS\System32\KERNEL32.DLL
0x00007ff944210000 - 0x00007ff9444d8000 	C:\WINDOWS\System32\KERNELBASE.dll
0x00007ff945e30000 - 0x00007ff945edc000 	C:\WINDOWS\System32\ADVAPI32.dll
0x00007ff9454b0000 - 0x00007ff94554e000 	C:\WINDOWS\System32\msvcrt.dll
0x00007ff944d60000 - 0x00007ff944dfb000 	C:\WINDOWS\System32\sechost.dll
0x00007ff945380000 - 0x00007ff9454ab000 	C:\WINDOWS\System32\RPCRT4.dll
0x00007ff944bc0000 - 0x00007ff944d60000 	C:\WINDOWS\System32\USER32.dll
0x00007ff944190000 - 0x00007ff9441b2000 	C:\WINDOWS\System32\win32u.dll
0x00007ff944e00000 - 0x00007ff944e2a000 	C:\WINDOWS\System32\GDI32.dll
0x00007ff9445e0000 - 0x00007ff9446eb000 	C:\WINDOWS\System32\gdi32full.dll
0x00007ff9446f0000 - 0x00007ff94478d000 	C:\WINDOWS\System32\msvcp_win.dll
0x00007ff9444e0000 - 0x00007ff9445e0000 	C:\WINDOWS\System32\ucrtbase.dll
0x00007ff922600000 - 0x00007ff92289a000 	C:\WINDOWS\WinSxS\amd64_microsoft.windows.common-controls_6595b64144ccf1df_6.0.19041.844_none_ca00b6081b84eb1d\COMCTL32.dll
0x00007ff9451a0000 - 0x00007ff9451d0000 	C:\WINDOWS\System32\IMM32.DLL
0x0000000072080000 - 0x0000000072152000 	E:\AndroidStudio\jre\jre\bin\msvcr100.dll
0x00000000716e0000 - 0x0000000071f2b000 	E:\AndroidStudio\jre\jre\bin\server\jvm.dll
0x00007ff944e30000 - 0x00007ff944e38000 	C:\WINDOWS\System32\PSAPI.DLL
0x00007ff92fce0000 - 0x00007ff92fd07000 	C:\WINDOWS\SYSTEM32\WINMM.dll
0x00007ff93d1c0000 - 0x00007ff93d1ca000 	C:\WINDOWS\SYSTEM32\VERSION.dll
0x00007ff92d1e0000 - 0x00007ff92d1e9000 	C:\WINDOWS\SYSTEM32\WSOCK32.dll
0x00007ff945600000 - 0x00007ff94566b000 	C:\WINDOWS\System32\WS2_32.dll
0x00007ff93e4e0000 - 0x00007ff93e4ef000 	E:\AndroidStudio\jre\jre\bin\verify.dll
0x00007ff93dbf0000 - 0x00007ff93dc19000 	E:\AndroidStudio\jre\jre\bin\java.dll
0x00007ff93da40000 - 0x00007ff93da56000 	E:\AndroidStudio\jre\jre\bin\zip.dll
0x00007ff946260000 - 0x00007ff9469a2000 	C:\WINDOWS\System32\SHELL32.dll
0x00007ff9421f0000 - 0x00007ff942981000 	C:\WINDOWS\SYSTEM32\windows.storage.dll
0x00007ff944e40000 - 0x00007ff945195000 	C:\WINDOWS\System32\combase.dll
0x00007ff943ad0000 - 0x00007ff943afc000 	C:\WINDOWS\SYSTEM32\Wldp.dll
0x00007ff944a50000 - 0x00007ff944afe000 	C:\WINDOWS\System32\SHCORE.dll
0x00007ff946120000 - 0x00007ff946175000 	C:\WINDOWS\System32\shlwapi.dll
0x00007ff944070000 - 0x00007ff94408f000 	C:\WINDOWS\SYSTEM32\profapi.dll
0x00007ff9387e0000 - 0x00007ff9387fa000 	E:\AndroidStudio\jre\jre\bin\net.dll
0x00007ff9438b0000 - 0x00007ff94391a000 	C:\WINDOWS\system32\mswsock.dll
0x00007ff9387c0000 - 0x00007ff9387d3000 	E:\AndroidStudio\jre\jre\bin\nio.dll
0x00007ff92d140000 - 0x00007ff92d166000 	C:\Users\zc\.gradle\native\fdc75f09e3144964f2cf3f50f0aa648679c211496f362492102eb8c894070792\windows-amd64\native-platform.dll
0x00007ff90caa0000 - 0x00007ff90cc31000 	C:\Users\zc\.gradle\native\12488b8bf47d2d4c9fbf2f6322a914ad602e24e48041cd04a747c6da556b65c4\windows-amd64\native-platform-file-events.dll
0x00007ff93de70000 - 0x00007ff93de7d000 	E:\AndroidStudio\jre\jre\bin\management.dll
0x00007ff943e00000 - 0x00007ff943e18000 	C:\WINDOWS\SYSTEM32\CRYPTSP.dll
0x00007ff943200000 - 0x00007ff943234000 	C:\WINDOWS\system32\rsaenh.dll
0x00007ff944840000 - 0x00007ff944867000 	C:\WINDOWS\System32\bcrypt.dll
0x00007ff943ff0000 - 0x00007ff94401e000 	C:\WINDOWS\SYSTEM32\USERENV.dll
0x00007ff944870000 - 0x00007ff9448f0000 	C:\WINDOWS\System32\bcryptprimitives.dll
0x00007ff943a30000 - 0x00007ff943a3c000 	C:\WINDOWS\SYSTEM32\CRYPTBASE.dll
0x00007ff943570000 - 0x00007ff9435ab000 	C:\WINDOWS\SYSTEM32\IPHLPAPI.DLL
0x00007ff946180000 - 0x00007ff946188000 	C:\WINDOWS\System32\NSI.dll
0x00007ff93ccf0000 - 0x00007ff93cd07000 	C:\WINDOWS\SYSTEM32\dhcpcsvc6.DLL
0x00007ff93ccd0000 - 0x00007ff93cced000 	C:\WINDOWS\SYSTEM32\dhcpcsvc.DLL
0x00007ff9435c0000 - 0x00007ff94368c000 	C:\WINDOWS\SYSTEM32\DNSAPI.dll
0x00007ff93cdc0000 - 0x00007ff93cdcb000 	C:\WINDOWS\SYSTEM32\WINNSI.DLL

VM Arguments:
jvm_args: -Xmx1536M -Dfile.encoding=GBK -Duser.country=CN -Duser.language=zh -Duser.variant 
java_command: org.gradle.launcher.daemon.bootstrap.GradleDaemon 6.7
java_class_path (initial): C:\Users\zc\.gradle\wrapper\dists\gradle-6.7-all\cuy9mc7upwgwgeb72wkcrupxe\gradle-6.7\lib\gradle-launcher-6.7.jar
Launcher Type: SUN_STANDARD

Environment Variables:
JAVA_HOME=E:\AndroidStudio\jre
CLASSPATH=D:\zh997\ckh_app\android\\gradle\wrapper\gradle-wrapper.jar
PATH=C:\WINDOWS\system32;C:\WINDOWS;C:\WINDOWS\System32\Wbem;C:\WINDOWS\System32\WindowsPowerShell\v1.0\;C:\WINDOWS\System32\OpenSSH\;C:\Program Files\Intel\WiFi\bin\;C:\Program Files\Common Files\Intel\WirelessCommon\;E:\mysql-8.0.21-winx64\bin;C:\Users\zc\AppData\Local\Android\Sdk;E:\flutter\bin;E:\postgresql\bin;E:\Redis-x64-5.0.9;E:\soft\Git\cmd;E:\nvm;C:\Program Files\nodejs;E:\python-3.8.1\Scripts\;E:\python-3.8.1\;C:\Users\zc\AppData\Local\Microsoft\WindowsApps;E:\soft\Microsoft VS Code\bin;E:\PyCharm 2020.2.3\bin;;E:\nvm;C:\Program Files\nodejs;;E:\flutter\bin\mingit\cmd
USERNAME=zc
OS=Windows_NT
PROCESSOR_IDENTIFIER=Intel64 Family 6 Model 142 Stepping 10, GenuineIntel



---------------  S Y S T E M  ---------------

OS: Windows 10.0 , 64 bit Build 19041 (10.0.19041.928)

CPU:total 8 (initial active 8) (4 cores per cpu, 2 threads per core) family 6 model 142 stepping 10, cmov, cx8, fxsr, mmx, sse, sse2, sse3, ssse3, sse4.1, sse4.2, popcnt, avx, avx2, aes, clmul, erms, 3dnowpref, lzcnt, ht, tsc, tscinvbit, bmi1, bmi2, adx

Memory: 4k page, physical 16389960k(3163668k free), swap 30606424k(6144k free)

vm_info: OpenJDK 64-Bit Server VM (25.242-b01) for windows-amd64 JRE (1.8.0_242-release-1644-b01), built by "builder" with MS VC++ 10.0 (VS2010)

time: Thu May 13 16:46:09 2021
timezone: 中国标准时间
elapsed time: 5380 seconds (0d 1h 29m 40s)

